0 info it worked if it ends with ok
1 verbose cli [ 'node', '/usr/local/bin/npm', 'install', '-', 'bower' ]
2 info using npm@1.3.5
3 info using node@v0.10.15
4 verbose cache add [ '-', null ]
5 verbose cache add name=undefined spec="-" args=["-",null]
6 verbose parsed url { protocol: null,
6 verbose parsed url   slashes: null,
6 verbose parsed url   auth: null,
6 verbose parsed url   host: null,
6 verbose parsed url   port: null,
6 verbose parsed url   hostname: null,
6 verbose parsed url   hash: null,
6 verbose parsed url   search: null,
6 verbose parsed url   query: null,
6 verbose parsed url   pathname: '-',
6 verbose parsed url   path: '-',
6 verbose parsed url   href: '-' }
7 verbose cache add [ 'bower', null ]
8 verbose cache add name=undefined spec="bower" args=["bower",null]
9 verbose parsed url { protocol: null,
9 verbose parsed url   slashes: null,
9 verbose parsed url   auth: null,
9 verbose parsed url   host: null,
9 verbose parsed url   port: null,
9 verbose parsed url   hostname: null,
9 verbose parsed url   hash: null,
9 verbose parsed url   search: null,
9 verbose parsed url   query: null,
9 verbose parsed url   pathname: 'bower',
9 verbose parsed url   path: 'bower',
9 verbose parsed url   href: 'bower' }
10 silly lockFile 3bc15c8a- -
11 verbose lock - /Users/3EyedMonster_Mac/.npm/3bc15c8a-.lock
12 silly lockFile 206e3ce5-bower bower
13 verbose lock bower /Users/3EyedMonster_Mac/.npm/206e3ce5-bower.lock
14 silly lockFile 3bc15c8a- -
15 silly lockFile 3bc15c8a- -
16 silly lockFile 206e3ce5-bower bower
17 silly lockFile 206e3ce5-bower bower
18 verbose addNamed [ '-', '' ]
19 verbose addNamed [ null, '*' ]
20 silly lockFile c75fe0d4- -@
21 verbose lock -@ /Users/3EyedMonster_Mac/.npm/c75fe0d4-.lock
22 verbose addNamed [ 'bower', '' ]
23 verbose addNamed [ null, '*' ]
24 silly lockFile 1240aab1-bower bower@
25 verbose lock bower@ /Users/3EyedMonster_Mac/.npm/1240aab1-bower.lock
26 silly addNameRange { name: '-', range: '*', hasData: false }
27 verbose url raw -
28 verbose url resolving [ 'https://registry.npmjs.org/', './-' ]
29 verbose url resolved https://registry.npmjs.org/-
30 info trying registry request attempt 1 at 12:51:41
31 http GET https://registry.npmjs.org/-
32 silly addNameRange { name: 'bower', range: '*', hasData: false }
33 verbose url raw bower
34 verbose url resolving [ 'https://registry.npmjs.org/', './bower' ]
35 verbose url resolved https://registry.npmjs.org/bower
36 info trying registry request attempt 1 at 12:51:41
37 http GET https://registry.npmjs.org/bower
38 http 404 https://registry.npmjs.org/-
39 silly registry.get cb [ 404,
39 silly registry.get   { server: 'CouchDB/1.3.0 (Erlang OTP/R15B03)',
39 silly registry.get     date: 'Sun, 28 Jul 2013 17:51:42 GMT',
39 silly registry.get     'content-type': 'application/json',
39 silly registry.get     'content-length': '52',
39 silly registry.get     'cache-control': 'must-revalidate' } ]
40 silly lockFile c75fe0d4- -@
41 silly lockFile c75fe0d4- -@
42 error Error: not_found document not found: -
42 error     at RegClient.<anonymous> (/usr/local/lib/node_modules/npm/node_modules/npm-registry-client/lib/request.js:272:14)
42 error     at Request.self.callback (/usr/local/lib/node_modules/npm/node_modules/request/index.js:148:22)
42 error     at Request.EventEmitter.emit (events.js:98:17)
42 error     at Request.<anonymous> (/usr/local/lib/node_modules/npm/node_modules/request/index.js:876:14)
42 error     at Request.EventEmitter.emit (events.js:117:20)
42 error     at IncomingMessage.<anonymous> (/usr/local/lib/node_modules/npm/node_modules/request/index.js:827:12)
42 error     at IncomingMessage.EventEmitter.emit (events.js:117:20)
42 error     at _stream_readable.js:910:16
42 error     at process._tickCallback (node.js:415:13)
43 error If you need help, you may report this log at:
43 error     <http://github.com/isaacs/npm/issues>
43 error or email it to:
43 error     <npm-@googlegroups.com>
44 error System Darwin 12.4.0
45 error command "node" "/usr/local/bin/npm" "install" "-" "bower"
46 error cwd /Volumes/MacFiles/3EyedMonster_Mac/Documents/WebDev/TalesofMurder/CharlieChan
47 error node -v v0.10.15
48 error npm -v 1.3.5
49 verbose exit [ 1, true ]
